2025-03-06 15:55:42 [main] INFO : Setting up data for tests...
2025-03-06 15:55:42 [main] INFO : Data setup complete.
2025-03-06 15:55:42 [main] INFO : Creating project with Project Id: string1234
2025-03-06 15:55:42 [main] INFO : Getting JWT token...
2025-03-06 15:55:43 [main] INFO : JWT Token obtained: eyJhbGciOiJIUzI1NiIsInR5cCI6IkpXVCJ9.eyJodHRwOi8vc2NoZW1hcy5taWNyb3NvZnQuY29tL3dzLzIwMDgvMDYvaWRlbnRpdHkvY2xhaW1zL3VzZXJkYXRhIjoiU2h1YmhhbSBKYWd0YXAiLCJuYW1lIjoiIiwibmJmIjoxNzQxMjU2NzM5LCJleHAiOjE3NDEzNDMxMzksImlhdCI6MTc0MTI1NjczOX0.3mv3ip6z8SED_-XnOaQkAOUkxGYMzRdeLsV4zvPbLoA
2025-03-06 15:55:43 [main] INFO : Status Code is: 200
2025-03-06 15:55:43 [main] INFO : Project created successfully.
2025-03-06 15:55:43 [main] INFO : Project Id (From response): Proj933
2025-03-06 15:55:43 [main] INFO : Project ID is not null.
2025-03-06 15:55:43 [main] INFO : Project ID saved to config.properties: Proj933
2025-03-06 15:55:43 [main] INFO : Loaded Project ID from config.properties: Proj933
2025-03-06 15:55:43 [main] INFO : Getting project with Id: Proj933
2025-03-06 15:55:43 [main] INFO : Getting JWT token...
2025-03-06 15:55:44 [main] INFO : JWT Token obtained: eyJhbGciOiJIUzI1NiIsInR5cCI6IkpXVCJ9.eyJodHRwOi8vc2NoZW1hcy5taWNyb3NvZnQuY29tL3dzLzIwMDgvMDYvaWRlbnRpdHkvY2xhaW1zL3VzZXJkYXRhIjoiU2h1YmhhbSBKYWd0YXAiLCJuYW1lIjoiIiwibmJmIjoxNzQxMjU2NzM5LCJleHAiOjE3NDEzNDMxMzksImlhdCI6MTc0MTI1NjczOX0.3mv3ip6z8SED_-XnOaQkAOUkxGYMzRdeLsV4zvPbLoA
2025-03-06 15:55:44 [main] INFO : Status Code is: 200
2025-03-06 15:55:44 [main] INFO : Project retrieved successfully.
2025-03-06 15:55:44 [main] INFO : Updating project with Id: Proj933
2025-03-06 15:55:44 [main] INFO : Getting JWT token...
2025-03-06 15:55:44 [main] INFO : JWT Token obtained: eyJhbGciOiJIUzI1NiIsInR5cCI6IkpXVCJ9.eyJodHRwOi8vc2NoZW1hcy5taWNyb3NvZnQuY29tL3dzLzIwMDgvMDYvaWRlbnRpdHkvY2xhaW1zL3VzZXJkYXRhIjoiU2h1YmhhbSBKYWd0YXAiLCJuYW1lIjoiIiwibmJmIjoxNzQxMjU2NzQwLCJleHAiOjE3NDEzNDMxNDAsImlhdCI6MTc0MTI1Njc0MH0.KuUo5dae2_AT2K9rdtILJPqYrjg2hXqmPGoIDDzyroA
2025-03-06 15:55:44 [main] INFO : Status Code is: 200
2025-03-06 15:55:44 [main] INFO : Project updated successfully.
2025-03-06 15:55:44 [main] INFO : Updated Project Id (From updated response): Proj933
2025-03-06 15:55:44 [main] INFO : Updated Project ID is not null.
2025-03-06 15:55:44 [main] INFO : Getting Active projects with Company Id: C0001
2025-03-06 15:55:44 [main] INFO : Getting JWT token...
2025-03-06 15:55:44 [main] INFO : JWT Token obtained: eyJhbGciOiJIUzI1NiIsInR5cCI6IkpXVCJ9.eyJodHRwOi8vc2NoZW1hcy5taWNyb3NvZnQuY29tL3dzLzIwMDgvMDYvaWRlbnRpdHkvY2xhaW1zL3VzZXJkYXRhIjoiU2h1YmhhbSBKYWd0YXAiLCJuYW1lIjoiIiwibmJmIjoxNzQxMjU2NzQwLCJleHAiOjE3NDEzNDMxNDAsImlhdCI6MTc0MTI1Njc0MH0.KuUo5dae2_AT2K9rdtILJPqYrjg2hXqmPGoIDDzyroA
2025-03-06 15:55:44 [main] INFO : Status Code is: 200
2025-03-06 15:55:44 [main] INFO : Active Projects retrieved successfully.
2025-03-06 15:55:44 [main] INFO : Getting Archived projects with Company Id: C0001
2025-03-06 15:55:44 [main] INFO : Getting JWT token...
2025-03-06 15:55:44 [main] INFO : JWT Token obtained: eyJhbGciOiJIUzI1NiIsInR5cCI6IkpXVCJ9.eyJodHRwOi8vc2NoZW1hcy5taWNyb3NvZnQuY29tL3dzLzIwMDgvMDYvaWRlbnRpdHkvY2xhaW1zL3VzZXJkYXRhIjoiU2h1YmhhbSBKYWd0YXAiLCJuYW1lIjoiIiwibmJmIjoxNzQxMjU2NzQwLCJleHAiOjE3NDEzNDMxNDAsImlhdCI6MTc0MTI1Njc0MH0.KuUo5dae2_AT2K9rdtILJPqYrjg2hXqmPGoIDDzyroA
2025-03-06 15:55:44 [main] INFO : Status Code is: 200
2025-03-06 15:55:44 [main] INFO : Archived Projects retrieved successfully.
2025-03-06 15:55:44 [main] INFO : Getting project details with Id: Proj933
2025-03-06 15:55:44 [main] INFO : Getting JWT token...
2025-03-06 15:55:44 [main] INFO : JWT Token obtained: eyJhbGciOiJIUzI1NiIsInR5cCI6IkpXVCJ9.eyJodHRwOi8vc2NoZW1hcy5taWNyb3NvZnQuY29tL3dzLzIwMDgvMDYvaWRlbnRpdHkvY2xhaW1zL3VzZXJkYXRhIjoiU2h1YmhhbSBKYWd0YXAiLCJuYW1lIjoiIiwibmJmIjoxNzQxMjU2NzQwLCJleHAiOjE3NDEzNDMxNDAsImlhdCI6MTc0MTI1Njc0MH0.KuUo5dae2_AT2K9rdtILJPqYrjg2hXqmPGoIDDzyroA
2025-03-06 15:55:44 [main] INFO : Status Code is: 200
2025-03-06 15:55:44 [main] INFO : Project Details retrieved successfully.
2025-03-06 15:55:44 [main] INFO : Getting project Timeline with Project Id: Proj933
2025-03-06 15:55:44 [main] INFO : Getting JWT token...
2025-03-06 15:55:44 [main] INFO : JWT Token obtained: eyJhbGciOiJIUzI1NiIsInR5cCI6IkpXVCJ9.eyJodHRwOi8vc2NoZW1hcy5taWNyb3NvZnQuY29tL3dzLzIwMDgvMDYvaWRlbnRpdHkvY2xhaW1zL3VzZXJkYXRhIjoiU2h1YmhhbSBKYWd0YXAiLCJuYW1lIjoiIiwibmJmIjoxNzQxMjU2NzQwLCJleHAiOjE3NDEzNDMxNDAsImlhdCI6MTc0MTI1Njc0MH0.KuUo5dae2_AT2K9rdtILJPqYrjg2hXqmPGoIDDzyroA
2025-03-06 15:55:44 [main] INFO : Status Code is: 200
2025-03-06 15:55:44 [main] INFO : Project TimeLine Details retrieved successfully.
2025-03-06 15:55:44 [main] INFO : Getting project Area with Project Id: Proj933
2025-03-06 15:55:44 [main] INFO : Getting JWT token...
2025-03-06 15:55:44 [main] INFO : JWT Token obtained: eyJhbGciOiJIUzI1NiIsInR5cCI6IkpXVCJ9.eyJodHRwOi8vc2NoZW1hcy5taWNyb3NvZnQuY29tL3dzLzIwMDgvMDYvaWRlbnRpdHkvY2xhaW1zL3VzZXJkYXRhIjoiU2h1YmhhbSBKYWd0YXAiLCJuYW1lIjoiIiwibmJmIjoxNzQxMjU2NzQwLCJleHAiOjE3NDEzNDMxNDAsImlhdCI6MTc0MTI1Njc0MH0.KuUo5dae2_AT2K9rdtILJPqYrjg2hXqmPGoIDDzyroA
2025-03-06 15:55:44 [main] INFO : Status Code is: 200
2025-03-06 15:55:44 [main] INFO : Project Area retrieved successfully.
2025-03-06 15:55:44 [main] INFO : Getting Company Details with Project Id: Proj933
2025-03-06 15:55:44 [main] INFO : Getting JWT token...
2025-03-06 15:55:44 [main] INFO : JWT Token obtained: eyJhbGciOiJIUzI1NiIsInR5cCI6IkpXVCJ9.eyJodHRwOi8vc2NoZW1hcy5taWNyb3NvZnQuY29tL3dzLzIwMDgvMDYvaWRlbnRpdHkvY2xhaW1zL3VzZXJkYXRhIjoiU2h1YmhhbSBKYWd0YXAiLCJuYW1lIjoiIiwibmJmIjoxNzQxMjU2NzQwLCJleHAiOjE3NDEzNDMxNDAsImlhdCI6MTc0MTI1Njc0MH0.KuUo5dae2_AT2K9rdtILJPqYrjg2hXqmPGoIDDzyroA
2025-03-06 15:55:44 [main] INFO : Status Code is: 404
2025-03-06 15:55:44 [main] INFO : Getting Projects By Company Id User Id: C0001, UID22
2025-03-06 15:55:44 [main] INFO : Getting JWT token...
2025-03-06 15:55:44 [main] INFO : JWT Token obtained: eyJhbGciOiJIUzI1NiIsInR5cCI6IkpXVCJ9.eyJodHRwOi8vc2NoZW1hcy5taWNyb3NvZnQuY29tL3dzLzIwMDgvMDYvaWRlbnRpdHkvY2xhaW1zL3VzZXJkYXRhIjoiU2h1YmhhbSBKYWd0YXAiLCJuYW1lIjoiIiwibmJmIjoxNzQxMjU2NzQwLCJleHAiOjE3NDEzNDMxNDAsImlhdCI6MTc0MTI1Njc0MH0.KuUo5dae2_AT2K9rdtILJPqYrjg2hXqmPGoIDDzyroA
2025-03-06 15:55:44 [main] INFO : Status Code is: 200
2025-03-06 15:55:44 [main] INFO : Getting Projects By Company Id User Id: C0001, UID22 retrived successfully
2025-03-06 15:55:44 [main] INFO : Getting Company Wise Projects By Company Id: C0001 
2025-03-06 15:55:44 [main] INFO : Getting JWT token...
2025-03-06 15:55:44 [main] INFO : JWT Token obtained: eyJhbGciOiJIUzI1NiIsInR5cCI6IkpXVCJ9.eyJodHRwOi8vc2NoZW1hcy5taWNyb3NvZnQuY29tL3dzLzIwMDgvMDYvaWRlbnRpdHkvY2xhaW1zL3VzZXJkYXRhIjoiU2h1YmhhbSBKYWd0YXAiLCJuYW1lIjoiIiwibmJmIjoxNzQxMjU2NzQwLCJleHAiOjE3NDEzNDMxNDAsImlhdCI6MTc0MTI1Njc0MH0.KuUo5dae2_AT2K9rdtILJPqYrjg2hXqmPGoIDDzyroA
2025-03-06 15:55:44 [main] INFO : Status Code is: 200
2025-03-06 15:55:44 [main] INFO : Getting Company Wise Projects By Company Id: C0001 retrived successfully
2025-03-06 15:55:44 [main] INFO : Getting Project By Project Id: Proj933
2025-03-06 15:55:44 [main] INFO : Getting JWT token...
2025-03-06 15:55:44 [main] INFO : JWT Token obtained: eyJhbGciOiJIUzI1NiIsInR5cCI6IkpXVCJ9.eyJodHRwOi8vc2NoZW1hcy5taWNyb3NvZnQuY29tL3dzLzIwMDgvMDYvaWRlbnRpdHkvY2xhaW1zL3VzZXJkYXRhIjoiU2h1YmhhbSBKYWd0YXAiLCJuYW1lIjoiIiwibmJmIjoxNzQxMjU2NzQwLCJleHAiOjE3NDEzNDMxNDAsImlhdCI6MTc0MTI1Njc0MH0.KuUo5dae2_AT2K9rdtILJPqYrjg2hXqmPGoIDDzyroA
2025-03-06 15:55:44 [main] INFO : Status Code is: 200
2025-03-06 15:55:44 [main] INFO : Getting Project By Project Id retrived successfully
2025-03-06 15:55:44 [main] INFO : Getting Acc Details By Project Id: Proj933
2025-03-06 15:55:44 [main] INFO : Getting JWT token...
2025-03-06 15:55:44 [main] INFO : JWT Token obtained: eyJhbGciOiJIUzI1NiIsInR5cCI6IkpXVCJ9.eyJodHRwOi8vc2NoZW1hcy5taWNyb3NvZnQuY29tL3dzLzIwMDgvMDYvaWRlbnRpdHkvY2xhaW1zL3VzZXJkYXRhIjoiU2h1YmhhbSBKYWd0YXAiLCJuYW1lIjoiIiwibmJmIjoxNzQxMjU2NzQwLCJleHAiOjE3NDEzNDMxNDAsImlhdCI6MTc0MTI1Njc0MH0.KuUo5dae2_AT2K9rdtILJPqYrjg2hXqmPGoIDDzyroA
2025-03-06 15:55:44 [main] INFO : Status Code is: 204
2025-03-06 15:55:44 [main] INFO : Getting Acc Details By Project Id retrived successfully
2025-03-06 15:55:44 [main] INFO : Getting Site Address By Project Id: Project ABCDE ID: Proj767 
2025-03-06 15:55:44 [main] INFO : Getting JWT token...
2025-03-06 15:55:44 [main] INFO : JWT Token obtained: eyJhbGciOiJIUzI1NiIsInR5cCI6IkpXVCJ9.eyJodHRwOi8vc2NoZW1hcy5taWNyb3NvZnQuY29tL3dzLzIwMDgvMDYvaWRlbnRpdHkvY2xhaW1zL3VzZXJkYXRhIjoiU2h1YmhhbSBKYWd0YXAiLCJuYW1lIjoiIiwibmJmIjoxNzQxMjU2NzQwLCJleHAiOjE3NDEzNDMxNDAsImlhdCI6MTc0MTI1Njc0MH0.KuUo5dae2_AT2K9rdtILJPqYrjg2hXqmPGoIDDzyroA
2025-03-06 15:55:44 [main] INFO : Status Code is: 200
2025-03-06 15:55:44 [main] INFO : Getting Site Address By Project Id retrived successfully
2025-03-06 15:55:44 [main] INFO : Getting Finance By Project Id: Proj933
2025-03-06 15:55:44 [main] INFO : Getting JWT token...
2025-03-06 15:55:44 [main] INFO : JWT Token obtained: eyJhbGciOiJIUzI1NiIsInR5cCI6IkpXVCJ9.eyJodHRwOi8vc2NoZW1hcy5taWNyb3NvZnQuY29tL3dzLzIwMDgvMDYvaWRlbnRpdHkvY2xhaW1zL3VzZXJkYXRhIjoiU2h1YmhhbSBKYWd0YXAiLCJuYW1lIjoiIiwibmJmIjoxNzQxMjU2NzQwLCJleHAiOjE3NDEzNDMxNDAsImlhdCI6MTc0MTI1Njc0MH0.KuUo5dae2_AT2K9rdtILJPqYrjg2hXqmPGoIDDzyroA
2025-03-06 15:55:44 [main] INFO : Status Code is: 404
2025-03-06 15:55:44 [main] INFO : Getting Finance By Project Id retrived successfully
2025-03-06 15:55:44 [main] INFO : Getting Project Archived Details By Project Id: Proj933
2025-03-06 15:55:44 [main] INFO : Getting JWT token...
2025-03-06 15:55:44 [main] INFO : JWT Token obtained: eyJhbGciOiJIUzI1NiIsInR5cCI6IkpXVCJ9.eyJodHRwOi8vc2NoZW1hcy5taWNyb3NvZnQuY29tL3dzLzIwMDgvMDYvaWRlbnRpdHkvY2xhaW1zL3VzZXJkYXRhIjoiU2h1YmhhbSBKYWd0YXAiLCJuYW1lIjoiIiwibmJmIjoxNzQxMjU2NzQwLCJleHAiOjE3NDEzNDMxNDAsImlhdCI6MTc0MTI1Njc0MH0.KuUo5dae2_AT2K9rdtILJPqYrjg2hXqmPGoIDDzyroA
2025-03-06 15:55:44 [main] INFO : Status Code is: 200
2025-03-06 15:55:44 [main] INFO : Getting Project Archived Details By Project Id retrived successfully
2025-03-06 15:55:44 [main] INFO : Getting Project Company By Project Id: Proj933
2025-03-06 15:55:44 [main] INFO : Getting JWT token...
2025-03-06 15:55:44 [main] INFO : JWT Token obtained: eyJhbGciOiJIUzI1NiIsInR5cCI6IkpXVCJ9.eyJodHRwOi8vc2NoZW1hcy5taWNyb3NvZnQuY29tL3dzLzIwMDgvMDYvaWRlbnRpdHkvY2xhaW1zL3VzZXJkYXRhIjoiU2h1YmhhbSBKYWd0YXAiLCJuYW1lIjoiIiwibmJmIjoxNzQxMjU2NzQwLCJleHAiOjE3NDEzNDMxNDAsImlhdCI6MTc0MTI1Njc0MH0.KuUo5dae2_AT2K9rdtILJPqYrjg2hXqmPGoIDDzyroA
2025-03-06 15:55:44 [main] INFO : Status Code is: 200
2025-03-06 15:55:44 [main] INFO : Getting Project Company By Project Id retrived successfully
2025-03-06 15:55:44 [main] INFO : Getting Project History By Project Id: Proj933
2025-03-06 15:55:44 [main] INFO : Getting JWT token...
2025-03-06 15:55:44 [main] INFO : JWT Token obtained: eyJhbGciOiJIUzI1NiIsInR5cCI6IkpXVCJ9.eyJodHRwOi8vc2NoZW1hcy5taWNyb3NvZnQuY29tL3dzLzIwMDgvMDYvaWRlbnRpdHkvY2xhaW1zL3VzZXJkYXRhIjoiU2h1YmhhbSBKYWd0YXAiLCJuYW1lIjoiIiwibmJmIjoxNzQxMjU2NzQwLCJleHAiOjE3NDEzNDMxNDAsImlhdCI6MTc0MTI1Njc0MH0.KuUo5dae2_AT2K9rdtILJPqYrjg2hXqmPGoIDDzyroA
2025-03-06 15:55:44 [main] INFO : Status Code is: 200
2025-03-06 15:55:44 [main] INFO : Getting Project History By Project Id retrived successfully
2025-03-06 15:55:44 [main] INFO : Getting All Project History 
2025-03-06 15:55:44 [main] INFO : Getting JWT token...
2025-03-06 15:55:44 [main] INFO : JWT Token obtained: eyJhbGciOiJIUzI1NiIsInR5cCI6IkpXVCJ9.eyJodHRwOi8vc2NoZW1hcy5taWNyb3NvZnQuY29tL3dzLzIwMDgvMDYvaWRlbnRpdHkvY2xhaW1zL3VzZXJkYXRhIjoiU2h1YmhhbSBKYWd0YXAiLCJuYW1lIjoiIiwibmJmIjoxNzQxMjU2NzQwLCJleHAiOjE3NDEzNDMxNDAsImlhdCI6MTc0MTI1Njc0MH0.KuUo5dae2_AT2K9rdtILJPqYrjg2hXqmPGoIDDzyroA
2025-03-06 15:55:46 [main] INFO : Status Code is: 200
2025-03-06 15:55:46 [main] INFO : Getting All Project History retrived successfully
2025-03-06 15:55:46 [main] INFO : Getting Heat Map Values By Project Id: Proj933
2025-03-06 15:55:46 [main] INFO : Getting JWT token...
2025-03-06 15:55:46 [main] INFO : JWT Token obtained: eyJhbGciOiJIUzI1NiIsInR5cCI6IkpXVCJ9.eyJodHRwOi8vc2NoZW1hcy5taWNyb3NvZnQuY29tL3dzLzIwMDgvMDYvaWRlbnRpdHkvY2xhaW1zL3VzZXJkYXRhIjoiU2h1YmhhbSBKYWd0YXAiLCJuYW1lIjoiIiwibmJmIjoxNzQxMjU2NzQyLCJleHAiOjE3NDEzNDMxNDIsImlhdCI6MTc0MTI1Njc0Mn0.ZvPLWjLMQcz12QWKMefdf7CtacLggSEeNON4m8Cc2q0
2025-03-06 15:55:46 [main] INFO : Status Code is: 200
2025-03-06 15:55:46 [main] INFO : Getting Heat Map Values Project Id retrived successfully
2025-03-06 15:55:46 [main] INFO : Getting Line Graph Values All Buildings By Project id: Proj933
2025-03-06 15:55:46 [main] INFO : Getting JWT token...
2025-03-06 15:55:46 [main] INFO : JWT Token obtained: eyJhbGciOiJIUzI1NiIsInR5cCI6IkpXVCJ9.eyJodHRwOi8vc2NoZW1hcy5taWNyb3NvZnQuY29tL3dzLzIwMDgvMDYvaWRlbnRpdHkvY2xhaW1zL3VzZXJkYXRhIjoiU2h1YmhhbSBKYWd0YXAiLCJuYW1lIjoiIiwibmJmIjoxNzQxMjU2NzQyLCJleHAiOjE3NDEzNDMxNDIsImlhdCI6MTc0MTI1Njc0Mn0.ZvPLWjLMQcz12QWKMefdf7CtacLggSEeNON4m8Cc2q0
2025-03-06 15:55:46 [main] INFO : Status Code is: 200
2025-03-06 15:55:46 [main] INFO : Getting Line Graph Values All Buildings By Project Id retrived successfully
2025-03-06 15:55:46 [main] INFO : Getting Single Line Graph Value By ProjectId: Proj933
2025-03-06 15:55:46 [main] INFO : Getting JWT token...
2025-03-06 15:55:46 [main] INFO : JWT Token obtained: eyJhbGciOiJIUzI1NiIsInR5cCI6IkpXVCJ9.eyJodHRwOi8vc2NoZW1hcy5taWNyb3NvZnQuY29tL3dzLzIwMDgvMDYvaWRlbnRpdHkvY2xhaW1zL3VzZXJkYXRhIjoiU2h1YmhhbSBKYWd0YXAiLCJuYW1lIjoiIiwibmJmIjoxNzQxMjU2NzQyLCJleHAiOjE3NDEzNDMxNDIsImlhdCI6MTc0MTI1Njc0Mn0.ZvPLWjLMQcz12QWKMefdf7CtacLggSEeNON4m8Cc2q0
2025-03-06 15:55:46 [main] INFO : Status Code is: 200
2025-03-06 15:55:46 [main] INFO : Getting Single Line Graph Value By Project Id retrived successfully
2025-03-06 15:55:46 [main] INFO : Getting add Project Data To Archive Server By Project Id: Proj933
2025-03-06 15:55:46 [main] INFO : Getting JWT token...
2025-03-06 15:55:46 [main] INFO : JWT Token obtained: eyJhbGciOiJIUzI1NiIsInR5cCI6IkpXVCJ9.eyJodHRwOi8vc2NoZW1hcy5taWNyb3NvZnQuY29tL3dzLzIwMDgvMDYvaWRlbnRpdHkvY2xhaW1zL3VzZXJkYXRhIjoiU2h1YmhhbSBKYWd0YXAiLCJuYW1lIjoiIiwibmJmIjoxNzQxMjU2NzQyLCJleHAiOjE3NDEzNDMxNDIsImlhdCI6MTc0MTI1Njc0Mn0.ZvPLWjLMQcz12QWKMefdf7CtacLggSEeNON4m8Cc2q0
2025-03-06 15:55:51 [main] ERROR: Error occurred while Getting add Project Data To Archive Server By Project Id: Read timed out
2025-03-06 15:55:51 [main] INFO : Getting add Project Data To Archive Server By Project Id: Proj933
2025-03-06 15:55:51 [main] INFO : Getting JWT token...
2025-03-06 15:55:51 [main] INFO : JWT Token obtained: eyJhbGciOiJIUzI1NiIsInR5cCI6IkpXVCJ9.eyJodHRwOi8vc2NoZW1hcy5taWNyb3NvZnQuY29tL3dzLzIwMDgvMDYvaWRlbnRpdHkvY2xhaW1zL3VzZXJkYXRhIjoiU2h1YmhhbSBKYWd0YXAiLCJuYW1lIjoiIiwibmJmIjoxNzQxMjU2NzQ3LCJleHAiOjE3NDEzNDMxNDcsImlhdCI6MTc0MTI1Njc0N30.-amLxuRoLpEMkEcpjxNZ3f-sIi1TBJoGFAEvT92xb84
2025-03-06 15:55:56 [main] ERROR: Error occurred while Getting add Project Data To Archive Server By Project Id: Read timed out
2025-03-06 15:55:56 [main] INFO : Getting add Project Data To Archive Server By Project Id: Proj933
2025-03-06 15:55:56 [main] INFO : Getting JWT token...
2025-03-06 15:55:56 [main] INFO : JWT Token obtained: eyJhbGciOiJIUzI1NiIsInR5cCI6IkpXVCJ9.eyJodHRwOi8vc2NoZW1hcy5taWNyb3NvZnQuY29tL3dzLzIwMDgvMDYvaWRlbnRpdHkvY2xhaW1zL3VzZXJkYXRhIjoiU2h1YmhhbSBKYWd0YXAiLCJuYW1lIjoiIiwibmJmIjoxNzQxMjU2NzUyLCJleHAiOjE3NDEzNDMxNTIsImlhdCI6MTc0MTI1Njc1Mn0.73rwHYlYeBjdmWkn8YKDAcZ-IOh1hhz33650b0DuG54
2025-03-06 15:56:01 [main] ERROR: Error occurred while Getting add Project Data To Archive Server By Project Id: Read timed out
2025-03-06 15:56:01 [main] INFO : Getting add Project Data To Archive Server By Project Id: Proj933
2025-03-06 15:56:01 [main] INFO : Getting JWT token...
2025-03-06 15:56:02 [main] INFO : JWT Token obtained: eyJhbGciOiJIUzI1NiIsInR5cCI6IkpXVCJ9.eyJodHRwOi8vc2NoZW1hcy5taWNyb3NvZnQuY29tL3dzLzIwMDgvMDYvaWRlbnRpdHkvY2xhaW1zL3VzZXJkYXRhIjoiU2h1YmhhbSBKYWd0YXAiLCJuYW1lIjoiIiwibmJmIjoxNzQxMjU2NzU3LCJleHAiOjE3NDEzNDMxNTcsImlhdCI6MTc0MTI1Njc1N30.Q6HMjpNP1lTDAvbCLbCdrEdWxAXWfIUex2osjEO72CU
2025-03-06 15:56:07 [main] ERROR: Error occurred while Getting add Project Data To Archive Server By Project Id: Read timed out
2025-03-06 15:56:07 [main] INFO : Getting add Project Data To Archive Server By Project Id: Proj933
2025-03-06 15:56:07 [main] INFO : Getting JWT token...
2025-03-06 15:56:07 [main] INFO : JWT Token obtained: eyJhbGciOiJIUzI1NiIsInR5cCI6IkpXVCJ9.eyJodHRwOi8vc2NoZW1hcy5taWNyb3NvZnQuY29tL3dzLzIwMDgvMDYvaWRlbnRpdHkvY2xhaW1zL3VzZXJkYXRhIjoiU2h1YmhhbSBKYWd0YXAiLCJuYW1lIjoiIiwibmJmIjoxNzQxMjU2NzYzLCJleHAiOjE3NDEzNDMxNjMsImlhdCI6MTc0MTI1Njc2M30.O3roWy3khZEjco5-0POPdzL7ucRE5IwizfG1lG0UXJE
2025-03-06 15:56:07 [main] INFO : Status Code is: 200
2025-03-06 15:56:07 [main] INFO : Getting add Project Data To Archive Server By Project Id
2025-03-06 15:56:07 [main] INFO : Getting add Project Data To File Server By Project Id: Proj933
2025-03-06 15:56:07 [main] INFO : Getting JWT token...
2025-03-06 15:56:07 [main] INFO : JWT Token obtained: eyJhbGciOiJIUzI1NiIsInR5cCI6IkpXVCJ9.eyJodHRwOi8vc2NoZW1hcy5taWNyb3NvZnQuY29tL3dzLzIwMDgvMDYvaWRlbnRpdHkvY2xhaW1zL3VzZXJkYXRhIjoiU2h1YmhhbSBKYWd0YXAiLCJuYW1lIjoiIiwibmJmIjoxNzQxMjU2NzYzLCJleHAiOjE3NDEzNDMxNjMsImlhdCI6MTc0MTI1Njc2M30.O3roWy3khZEjco5-0POPdzL7ucRE5IwizfG1lG0UXJE
2025-03-06 15:56:07 [main] INFO : Status Code is: 200
2025-03-06 15:56:07 [main] INFO : Getting add Project Data To File Server By Project Id
2025-03-06 15:56:07 [main] INFO : Setting up data for tests...
2025-03-06 15:56:07 [main] INFO : Loaded Project ID from config.properties: Proj933
2025-03-06 15:56:07 [main] INFO : Data setup complete.
2025-03-06 15:56:07 [main] INFO : Getting all Buildings
2025-03-06 15:56:07 [main] INFO : Getting JWT token...
2025-03-06 15:56:08 [main] INFO : JWT Token obtained: eyJhbGciOiJIUzI1NiIsInR5cCI6IkpXVCJ9.eyJodHRwOi8vc2NoZW1hcy5taWNyb3NvZnQuY29tL3dzLzIwMDgvMDYvaWRlbnRpdHkvY2xhaW1zL3VzZXJkYXRhIjoiU2h1YmhhbSBKYWd0YXAiLCJuYW1lIjoiIiwibmJmIjoxNzQxMjU2NzYzLCJleHAiOjE3NDEzNDMxNjMsImlhdCI6MTc0MTI1Njc2M30.O3roWy3khZEjco5-0POPdzL7ucRE5IwizfG1lG0UXJE
2025-03-06 15:56:08 [main] INFO : All Buildings retrieved successfully.
2025-03-06 15:56:08 [main] INFO : Adding Building to Project Id: Proj933
2025-03-06 15:56:08 [main] INFO : Getting JWT token...
2025-03-06 15:56:08 [main] INFO : JWT Token obtained: eyJhbGciOiJIUzI1NiIsInR5cCI6IkpXVCJ9.eyJodHRwOi8vc2NoZW1hcy5taWNyb3NvZnQuY29tL3dzLzIwMDgvMDYvaWRlbnRpdHkvY2xhaW1zL3VzZXJkYXRhIjoiU2h1YmhhbSBKYWd0YXAiLCJuYW1lIjoiIiwibmJmIjoxNzQxMjU2NzY0LCJleHAiOjE3NDEzNDMxNjQsImlhdCI6MTc0MTI1Njc2NH0.GgBcdHaNkYP3jcZiQaEu6zK5daGJObqkQu1ZOjxWvBQ
2025-03-06 15:56:08 [main] INFO : Building is added successfully to Project ID:Proj933
2025-03-06 15:56:08 [main] INFO : Building Id (From response): c0188473-eedb-4b72-8621-68156444325b
2025-03-06 15:56:08 [main] INFO : Building ID saved to config.properties: c0188473-eedb-4b72-8621-68156444325b
2025-03-06 15:56:08 [main] INFO : Loaded Building ID from config.properties: c0188473-eedb-4b72-8621-68156444325b
2025-03-06 15:56:08 [main] INFO : Getting all Buildings by Project Id:Proj933
2025-03-06 15:56:08 [main] INFO : Getting JWT token...
2025-03-06 15:56:08 [main] INFO : JWT Token obtained: eyJhbGciOiJIUzI1NiIsInR5cCI6IkpXVCJ9.eyJodHRwOi8vc2NoZW1hcy5taWNyb3NvZnQuY29tL3dzLzIwMDgvMDYvaWRlbnRpdHkvY2xhaW1zL3VzZXJkYXRhIjoiU2h1YmhhbSBKYWd0YXAiLCJuYW1lIjoiIiwibmJmIjoxNzQxMjU2NzY0LCJleHAiOjE3NDEzNDMxNjQsImlhdCI6MTc0MTI1Njc2NH0.GgBcdHaNkYP3jcZiQaEu6zK5daGJObqkQu1ZOjxWvBQ
2025-03-06 15:56:08 [main] INFO : All Buildings by Project Id retrieved successfully.
2025-03-06 15:56:08 [main] INFO : Updating Building with Building Id: c0188473-eedb-4b72-8621-68156444325b
2025-03-06 15:56:08 [main] INFO : Building updated successfully.
2025-03-06 15:56:08 [main] INFO : Toggle Archive Building by Building Id:c0188473-eedb-4b72-8621-68156444325b
2025-03-06 15:56:08 [main] INFO : Getting JWT token...
2025-03-06 15:56:08 [main] INFO : JWT Token obtained: eyJhbGciOiJIUzI1NiIsInR5cCI6IkpXVCJ9.eyJodHRwOi8vc2NoZW1hcy5taWNyb3NvZnQuY29tL3dzLzIwMDgvMDYvaWRlbnRpdHkvY2xhaW1zL3VzZXJkYXRhIjoiU2h1YmhhbSBKYWd0YXAiLCJuYW1lIjoiIiwibmJmIjoxNzQxMjU2NzY0LCJleHAiOjE3NDEzNDMxNjQsImlhdCI6MTc0MTI1Njc2NH0.GgBcdHaNkYP3jcZiQaEu6zK5daGJObqkQu1ZOjxWvBQ
2025-03-06 15:56:08 [main] INFO : Toggle Archive Building by Building Id successfully.
2025-03-06 15:56:08 [main] INFO : Getting Archived Buildings by Project Id:Proj933
2025-03-06 15:56:08 [main] INFO : Getting JWT token...
2025-03-06 15:56:08 [main] INFO : JWT Token obtained: eyJhbGciOiJIUzI1NiIsInR5cCI6IkpXVCJ9.eyJodHRwOi8vc2NoZW1hcy5taWNyb3NvZnQuY29tL3dzLzIwMDgvMDYvaWRlbnRpdHkvY2xhaW1zL3VzZXJkYXRhIjoiU2h1YmhhbSBKYWd0YXAiLCJuYW1lIjoiIiwibmJmIjoxNzQxMjU2NzY0LCJleHAiOjE3NDEzNDMxNjQsImlhdCI6MTc0MTI1Njc2NH0.GgBcdHaNkYP3jcZiQaEu6zK5daGJObqkQu1ZOjxWvBQ
2025-03-06 15:56:08 [main] INFO : All Archived Buildings by Project Id retrieved successfully.
2025-03-06 15:56:08 [main] INFO : Remove Toggle Archive Building by Building Id:c0188473-eedb-4b72-8621-68156444325b
2025-03-06 15:56:08 [main] INFO : Getting JWT token...
2025-03-06 15:56:08 [main] INFO : JWT Token obtained: eyJhbGciOiJIUzI1NiIsInR5cCI6IkpXVCJ9.eyJodHRwOi8vc2NoZW1hcy5taWNyb3NvZnQuY29tL3dzLzIwMDgvMDYvaWRlbnRpdHkvY2xhaW1zL3VzZXJkYXRhIjoiU2h1YmhhbSBKYWd0YXAiLCJuYW1lIjoiIiwibmJmIjoxNzQxMjU2NzY0LCJleHAiOjE3NDEzNDMxNjQsImlhdCI6MTc0MTI1Njc2NH0.GgBcdHaNkYP3jcZiQaEu6zK5daGJObqkQu1ZOjxWvBQ
2025-03-06 15:56:08 [main] INFO : Remove Toggle Archive Building by Building Id successfully.
2025-03-06 15:56:08 [main] INFO : Getting Building by Building Id:c0188473-eedb-4b72-8621-68156444325b
2025-03-06 15:56:08 [main] INFO : Getting JWT token...
2025-03-06 15:56:08 [main] INFO : JWT Token obtained: eyJhbGciOiJIUzI1NiIsInR5cCI6IkpXVCJ9.eyJodHRwOi8vc2NoZW1hcy5taWNyb3NvZnQuY29tL3dzLzIwMDgvMDYvaWRlbnRpdHkvY2xhaW1zL3VzZXJkYXRhIjoiU2h1YmhhbSBKYWd0YXAiLCJuYW1lIjoiIiwibmJmIjoxNzQxMjU2NzY0LCJleHAiOjE3NDEzNDMxNjQsImlhdCI6MTc0MTI1Njc2NH0.GgBcdHaNkYP3jcZiQaEu6zK5daGJObqkQu1ZOjxWvBQ
2025-03-06 15:56:08 [main] INFO : Building by Building Id retrieved successfully.
2025-03-06 15:56:08 [main] INFO : Getting All Archived Buildings: 
2025-03-06 15:56:08 [main] INFO : Getting JWT token...
2025-03-06 15:56:08 [main] INFO : JWT Token obtained: eyJhbGciOiJIUzI1NiIsInR5cCI6IkpXVCJ9.eyJodHRwOi8vc2NoZW1hcy5taWNyb3NvZnQuY29tL3dzLzIwMDgvMDYvaWRlbnRpdHkvY2xhaW1zL3VzZXJkYXRhIjoiU2h1YmhhbSBKYWd0YXAiLCJuYW1lIjoiIiwibmJmIjoxNzQxMjU2NzY0LCJleHAiOjE3NDEzNDMxNjQsImlhdCI6MTc0MTI1Njc2NH0.GgBcdHaNkYP3jcZiQaEu6zK5daGJObqkQu1ZOjxWvBQ
2025-03-06 15:56:08 [main] INFO : All Archived Buildings retrieved successfully.
2025-03-06 15:56:08 [main] INFO : Getting Building History by Building Id:c0188473-eedb-4b72-8621-68156444325b
2025-03-06 15:56:08 [main] INFO : Getting JWT token...
2025-03-06 15:56:08 [main] INFO : JWT Token obtained: eyJhbGciOiJIUzI1NiIsInR5cCI6IkpXVCJ9.eyJodHRwOi8vc2NoZW1hcy5taWNyb3NvZnQuY29tL3dzLzIwMDgvMDYvaWRlbnRpdHkvY2xhaW1zL3VzZXJkYXRhIjoiU2h1YmhhbSBKYWd0YXAiLCJuYW1lIjoiIiwibmJmIjoxNzQxMjU2NzY0LCJleHAiOjE3NDEzNDMxNjQsImlhdCI6MTc0MTI1Njc2NH0.GgBcdHaNkYP3jcZiQaEu6zK5daGJObqkQu1ZOjxWvBQ
2025-03-06 15:56:08 [main] INFO : Building History by Building Id retrieved successfully.
2025-03-06 15:56:08 [main] INFO : Getting All Buildings History : 
2025-03-06 15:56:08 [main] INFO : Getting JWT token...
2025-03-06 15:56:08 [main] INFO : JWT Token obtained: eyJhbGciOiJIUzI1NiIsInR5cCI6IkpXVCJ9.eyJodHRwOi8vc2NoZW1hcy5taWNyb3NvZnQuY29tL3dzLzIwMDgvMDYvaWRlbnRpdHkvY2xhaW1zL3VzZXJkYXRhIjoiU2h1YmhhbSBKYWd0YXAiLCJuYW1lIjoiIiwibmJmIjoxNzQxMjU2NzY0LCJleHAiOjE3NDEzNDMxNjQsImlhdCI6MTc0MTI1Njc2NH0.GgBcdHaNkYP3jcZiQaEu6zK5daGJObqkQu1ZOjxWvBQ
2025-03-06 15:56:09 [main] INFO : Getting All Buildings History retrieved successfully.
2025-03-06 15:56:09 [main] INFO : Getting Check Is Revit File Uploaded by Building Id:c0188473-eedb-4b72-8621-68156444325b
2025-03-06 15:56:09 [main] INFO : Getting JWT token...
2025-03-06 15:56:09 [main] INFO : JWT Token obtained: eyJhbGciOiJIUzI1NiIsInR5cCI6IkpXVCJ9.eyJodHRwOi8vc2NoZW1hcy5taWNyb3NvZnQuY29tL3dzLzIwMDgvMDYvaWRlbnRpdHkvY2xhaW1zL3VzZXJkYXRhIjoiU2h1YmhhbSBKYWd0YXAiLCJuYW1lIjoiIiwibmJmIjoxNzQxMjU2NzY1LCJleHAiOjE3NDEzNDMxNjUsImlhdCI6MTc0MTI1Njc2NX0.YQB6Y2tbXbb0pJEPX2bzmniKU-CvWkBsxyqIf9gakpI
2025-03-06 15:56:09 [main] INFO : Check Is Revit File Uploaded done successfully.
2025-03-06 15:56:09 [main] INFO : Getting Line Graph Values By Project Id Building Id: Proj933c0188473-eedb-4b72-8621-68156444325b
2025-03-06 15:56:09 [main] INFO : Getting JWT token...
2025-03-06 15:56:09 [main] INFO : JWT Token obtained: eyJhbGciOiJIUzI1NiIsInR5cCI6IkpXVCJ9.eyJodHRwOi8vc2NoZW1hcy5taWNyb3NvZnQuY29tL3dzLzIwMDgvMDYvaWRlbnRpdHkvY2xhaW1zL3VzZXJkYXRhIjoiU2h1YmhhbSBKYWd0YXAiLCJuYW1lIjoiIiwibmJmIjoxNzQxMjU2NzY1LCJleHAiOjE3NDEzNDMxNjUsImlhdCI6MTc0MTI1Njc2NX0.YQB6Y2tbXbb0pJEPX2bzmniKU-CvWkBsxyqIf9gakpI
2025-03-06 15:56:09 [main] INFO : Status Code is: 200
2025-03-06 15:56:09 [main] INFO : Getting Line Graph Values By Project Id Building Id retrived successfully
2025-03-06 15:56:09 [main] INFO : Getting Project Line Graph Values By Project Id Building Id : Proj933c0188473-eedb-4b72-8621-68156444325b
2025-03-06 15:56:09 [main] INFO : Getting JWT token...
2025-03-06 15:56:09 [main] INFO : JWT Token obtained: eyJhbGciOiJIUzI1NiIsInR5cCI6IkpXVCJ9.eyJodHRwOi8vc2NoZW1hcy5taWNyb3NvZnQuY29tL3dzLzIwMDgvMDYvaWRlbnRpdHkvY2xhaW1zL3VzZXJkYXRhIjoiU2h1YmhhbSBKYWd0YXAiLCJuYW1lIjoiIiwibmJmIjoxNzQxMjU2NzY1LCJleHAiOjE3NDEzNDMxNjUsImlhdCI6MTc0MTI1Njc2NX0.YQB6Y2tbXbb0pJEPX2bzmniKU-CvWkBsxyqIf9gakpI
2025-03-06 15:56:09 [main] INFO : Status Code is: 200
2025-03-06 15:56:09 [main] INFO : Getting Project Line Graph Values By Project Id Building Id retrived successfully
2025-03-06 15:56:09 [main] INFO : Setting up data for tests...
2025-03-06 15:56:09 [main] INFO : Loaded Project ID: Proj933
2025-03-06 15:56:09 [main] INFO : Loaded Building ID: c0188473-eedb-4b72-8621-68156444325b
2025-03-06 15:56:09 [main] INFO : Data setup complete.
2025-03-06 15:56:09 [main] INFO : Getting All Floors History
2025-03-06 15:56:09 [main] INFO : Getting JWT token...
2025-03-06 15:56:09 [main] INFO : JWT Token obtained: eyJhbGciOiJIUzI1NiIsInR5cCI6IkpXVCJ9.eyJodHRwOi8vc2NoZW1hcy5taWNyb3NvZnQuY29tL3dzLzIwMDgvMDYvaWRlbnRpdHkvY2xhaW1zL3VzZXJkYXRhIjoiU2h1YmhhbSBKYWd0YXAiLCJuYW1lIjoiIiwibmJmIjoxNzQxMjU2NzY1LCJleHAiOjE3NDEzNDMxNjUsImlhdCI6MTc0MTI1Njc2NX0.YQB6Y2tbXbb0pJEPX2bzmniKU-CvWkBsxyqIf9gakpI
2025-03-06 15:56:10 [main] INFO : All Floors History retrieved successfully.
2025-03-06 15:56:10 [main] INFO : Getting all Archived Floors
2025-03-06 15:56:10 [main] INFO : Getting JWT token...
2025-03-06 15:56:10 [main] INFO : JWT Token obtained: eyJhbGciOiJIUzI1NiIsInR5cCI6IkpXVCJ9.eyJodHRwOi8vc2NoZW1hcy5taWNyb3NvZnQuY29tL3dzLzIwMDgvMDYvaWRlbnRpdHkvY2xhaW1zL3VzZXJkYXRhIjoiU2h1YmhhbSBKYWd0YXAiLCJuYW1lIjoiIiwibmJmIjoxNzQxMjU2NzY2LCJleHAiOjE3NDEzNDMxNjYsImlhdCI6MTc0MTI1Njc2Nn0.YHh21Xh_4sAmHMzPBk0CugWQdLgKUC03PZMw_L72MNA
2025-03-06 15:56:10 [main] INFO : All Archived Floors retrieved successfully.
2025-03-06 15:56:10 [main] INFO : Getting all Floors
2025-03-06 15:56:10 [main] INFO : Getting JWT token...
2025-03-06 15:56:10 [main] INFO : JWT Token obtained: eyJhbGciOiJIUzI1NiIsInR5cCI6IkpXVCJ9.eyJodHRwOi8vc2NoZW1hcy5taWNyb3NvZnQuY29tL3dzLzIwMDgvMDYvaWRlbnRpdHkvY2xhaW1zL3VzZXJkYXRhIjoiU2h1YmhhbSBKYWd0YXAiLCJuYW1lIjoiIiwibmJmIjoxNzQxMjU2NzY2LCJleHAiOjE3NDEzNDMxNjYsImlhdCI6MTc0MTI1Njc2Nn0.YHh21Xh_4sAmHMzPBk0CugWQdLgKUC03PZMw_L72MNA
2025-03-06 15:56:10 [main] INFO : All Floors retrieved successfully.
2025-03-06 15:56:10 [main] INFO : Adding Floor to Project Id: Proj933
2025-03-06 15:56:10 [main] INFO : Adding Floor to Building Id: c0188473-eedb-4b72-8621-68156444325b
2025-03-06 15:56:10 [main] INFO : Getting JWT token...
2025-03-06 15:56:10 [main] INFO : JWT Token obtained: eyJhbGciOiJIUzI1NiIsInR5cCI6IkpXVCJ9.eyJodHRwOi8vc2NoZW1hcy5taWNyb3NvZnQuY29tL3dzLzIwMDgvMDYvaWRlbnRpdHkvY2xhaW1zL3VzZXJkYXRhIjoiU2h1YmhhbSBKYWd0YXAiLCJuYW1lIjoiIiwibmJmIjoxNzQxMjU2NzY2LCJleHAiOjE3NDEzNDMxNjYsImlhdCI6MTc0MTI1Njc2Nn0.YHh21Xh_4sAmHMzPBk0CugWQdLgKUC03PZMw_L72MNA
2025-03-06 15:56:10 [main] INFO : Floor is added successfully to Building ID:c0188473-eedb-4b72-8621-68156444325b
2025-03-06 15:56:10 [main] INFO : Floor Id (From response): 2c0a2d61-c274-4253-b54f-44abb55ab0db
2025-03-06 15:56:10 [main] INFO : Floor ID saved to config.properties: 2c0a2d61-c274-4253-b54f-44abb55ab0db
2025-03-06 15:56:10 [main] INFO : Getting all Floors by Building Id:c0188473-eedb-4b72-8621-68156444325b
2025-03-06 15:56:10 [main] INFO : Getting JWT token...
2025-03-06 15:56:10 [main] INFO : JWT Token obtained: eyJhbGciOiJIUzI1NiIsInR5cCI6IkpXVCJ9.eyJodHRwOi8vc2NoZW1hcy5taWNyb3NvZnQuY29tL3dzLzIwMDgvMDYvaWRlbnRpdHkvY2xhaW1zL3VzZXJkYXRhIjoiU2h1YmhhbSBKYWd0YXAiLCJuYW1lIjoiIiwibmJmIjoxNzQxMjU2NzY2LCJleHAiOjE3NDEzNDMxNjYsImlhdCI6MTc0MTI1Njc2Nn0.YHh21Xh_4sAmHMzPBk0CugWQdLgKUC03PZMw_L72MNA
2025-03-06 15:56:10 [main] INFO : All Floors by Building Id retrieved successfully.
2025-03-06 15:56:10 [main] INFO : Updating Floor with Floor Id: 2c0a2d61-c274-4253-b54f-44abb55ab0db
2025-03-06 15:56:10 [main] INFO : Floor updated successfully.
2025-03-06 15:56:10 [main] INFO : Getting Bargraph by floor Id:2c0a2d61-c274-4253-b54f-44abb55ab0db
2025-03-06 15:56:10 [main] INFO : Getting JWT token...
2025-03-06 15:56:10 [main] INFO : JWT Token obtained: eyJhbGciOiJIUzI1NiIsInR5cCI6IkpXVCJ9.eyJodHRwOi8vc2NoZW1hcy5taWNyb3NvZnQuY29tL3dzLzIwMDgvMDYvaWRlbnRpdHkvY2xhaW1zL3VzZXJkYXRhIjoiU2h1YmhhbSBKYWd0YXAiLCJuYW1lIjoiIiwibmJmIjoxNzQxMjU2NzY2LCJleHAiOjE3NDEzNDMxNjYsImlhdCI6MTc0MTI1Njc2Nn0.YHh21Xh_4sAmHMzPBk0CugWQdLgKUC03PZMw_L72MNA
2025-03-06 15:56:10 [main] INFO : Bargraph by floor Id retrieved successfully.
2025-03-06 15:56:10 [main] INFO : Getting Floor by floor Id:2c0a2d61-c274-4253-b54f-44abb55ab0db
2025-03-06 15:56:10 [main] INFO : Getting JWT token...
2025-03-06 15:56:10 [main] INFO : JWT Token obtained: eyJhbGciOiJIUzI1NiIsInR5cCI6IkpXVCJ9.eyJodHRwOi8vc2NoZW1hcy5taWNyb3NvZnQuY29tL3dzLzIwMDgvMDYvaWRlbnRpdHkvY2xhaW1zL3VzZXJkYXRhIjoiU2h1YmhhbSBKYWd0YXAiLCJuYW1lIjoiIiwibmJmIjoxNzQxMjU2NzY2LCJleHAiOjE3NDEzNDMxNjYsImlhdCI6MTc0MTI1Njc2Nn0.YHh21Xh_4sAmHMzPBk0CugWQdLgKUC03PZMw_L72MNA
2025-03-06 15:56:10 [main] INFO : Floor by floor Id retrieved successfully.
2025-03-06 15:56:10 [main] INFO : Setting up data for tests...
2025-03-06 15:56:10 [main] INFO : Loaded Project ID from config.properties: Proj933
2025-03-06 15:56:10 [main] INFO : Loaded Building ID from config.properties: c0188473-eedb-4b72-8621-68156444325b
2025-03-06 15:56:10 [main] INFO : Loaded Floor ID from config.properties: 2c0a2d61-c274-4253-b54f-44abb55ab0db
2025-03-06 15:56:10 [main] INFO : Data setup complete.
2025-03-06 15:56:10 [main] INFO : Getting all Regions
2025-03-06 15:56:10 [main] INFO : Getting JWT token...
2025-03-06 15:56:10 [main] INFO : JWT Token obtained: eyJhbGciOiJIUzI1NiIsInR5cCI6IkpXVCJ9.eyJodHRwOi8vc2NoZW1hcy5taWNyb3NvZnQuY29tL3dzLzIwMDgvMDYvaWRlbnRpdHkvY2xhaW1zL3VzZXJkYXRhIjoiU2h1YmhhbSBKYWd0YXAiLCJuYW1lIjoiIiwibmJmIjoxNzQxMjU2NzY2LCJleHAiOjE3NDEzNDMxNjYsImlhdCI6MTc0MTI1Njc2Nn0.YHh21Xh_4sAmHMzPBk0CugWQdLgKUC03PZMw_L72MNA
2025-03-06 15:56:10 [main] INFO : All Regions retrieved successfully.
2025-03-06 15:56:10 [main] INFO : Adding Region to Project Id: Proj933
2025-03-06 15:56:10 [main] INFO : Adding Region to Building Id: c0188473-eedb-4b72-8621-68156444325b
2025-03-06 15:56:10 [main] INFO : Adding Region to Floor Id: 2c0a2d61-c274-4253-b54f-44abb55ab0db
2025-03-06 15:56:10 [main] INFO : Getting JWT token...
2025-03-06 15:56:10 [main] INFO : JWT Token obtained: eyJhbGciOiJIUzI1NiIsInR5cCI6IkpXVCJ9.eyJodHRwOi8vc2NoZW1hcy5taWNyb3NvZnQuY29tL3dzLzIwMDgvMDYvaWRlbnRpdHkvY2xhaW1zL3VzZXJkYXRhIjoiU2h1YmhhbSBKYWd0YXAiLCJuYW1lIjoiIiwibmJmIjoxNzQxMjU2NzY2LCJleHAiOjE3NDEzNDMxNjYsImlhdCI6MTc0MTI1Njc2Nn0.YHh21Xh_4sAmHMzPBk0CugWQdLgKUC03PZMw_L72MNA
2025-03-06 15:56:10 [main] INFO : Region is added successfully to Floor ID:com.github.javafaker.IdNumber@8374911
2025-03-06 15:56:10 [main] INFO : Region Id (From response): 61230879-e1b8-48a1-8bd4-0d44e4d7437e
2025-03-06 15:56:10 [main] INFO : Region ID saved to config.properties: 61230879-e1b8-48a1-8bd4-0d44e4d7437e
2025-03-06 15:56:10 [main] ERROR: Error saving Region ID to config.properties: C:\RestAssured_tool\Workspace_CM\RestAssured_CM\src\test\resources\config_regionId.properties" (The filename, directory name, or volume label syntax is incorrect)
2025-03-06 15:56:10 [main] INFO : Getting all Regions by Floor Id:2c0a2d61-c274-4253-b54f-44abb55ab0db
2025-03-06 15:56:10 [main] INFO : Getting JWT token...
2025-03-06 15:56:10 [main] INFO : JWT Token obtained: eyJhbGciOiJIUzI1NiIsInR5cCI6IkpXVCJ9.eyJodHRwOi8vc2NoZW1hcy5taWNyb3NvZnQuY29tL3dzLzIwMDgvMDYvaWRlbnRpdHkvY2xhaW1zL3VzZXJkYXRhIjoiU2h1YmhhbSBKYWd0YXAiLCJuYW1lIjoiIiwibmJmIjoxNzQxMjU2NzY2LCJleHAiOjE3NDEzNDMxNjYsImlhdCI6MTc0MTI1Njc2Nn0.YHh21Xh_4sAmHMzPBk0CugWQdLgKUC03PZMw_L72MNA
2025-03-06 15:56:10 [main] INFO : All Regions by Floor Id retrieved successfully.
2025-03-06 15:56:10 [main] INFO : Updating Region with Region Id: 61230879-e1b8-48a1-8bd4-0d44e4d7437e
2025-03-06 15:56:10 [main] INFO : Region updated successfully.
2025-03-06 15:56:10 [main] INFO : Setting up data for tests...
2025-03-06 15:56:10 [main] INFO : Loaded Project ID from config.properties: Proj933
2025-03-06 15:56:10 [main] INFO : Loaded Building ID from config.properties: c0188473-eedb-4b72-8621-68156444325b
2025-03-06 15:56:10 [main] INFO : Loaded Floor ID from config.properties: 2c0a2d61-c274-4253-b54f-44abb55ab0db
2025-03-06 15:56:10 [main] INFO : Loaded Region ID from config.properties: 61230879-e1b8-48a1-8bd4-0d44e4d7437e
2025-03-06 15:56:10 [main] INFO : Data setup complete.
2025-03-06 15:56:10 [main] INFO : Getting all Scan Data's
2025-03-06 15:56:10 [main] INFO : Getting JWT token...
2025-03-06 15:56:10 [main] INFO : JWT Token obtained: eyJhbGciOiJIUzI1NiIsInR5cCI6IkpXVCJ9.eyJodHRwOi8vc2NoZW1hcy5taWNyb3NvZnQuY29tL3dzLzIwMDgvMDYvaWRlbnRpdHkvY2xhaW1zL3VzZXJkYXRhIjoiU2h1YmhhbSBKYWd0YXAiLCJuYW1lIjoiIiwibmJmIjoxNzQxMjU2NzY2LCJleHAiOjE3NDEzNDMxNjYsImlhdCI6MTc0MTI1Njc2Nn0.YHh21Xh_4sAmHMzPBk0CugWQdLgKUC03PZMw_L72MNA
2025-03-06 15:56:10 [main] INFO : All Scan Data's retrieved successfully.
2025-03-06 15:56:10 [main] INFO : Adding Scan Date to Region Id: 61230879-e1b8-48a1-8bd4-0d44e4d7437e
2025-03-06 15:56:10 [main] INFO : Getting JWT token...
2025-03-06 15:56:10 [main] INFO : JWT Token obtained: eyJhbGciOiJIUzI1NiIsInR5cCI6IkpXVCJ9.eyJodHRwOi8vc2NoZW1hcy5taWNyb3NvZnQuY29tL3dzLzIwMDgvMDYvaWRlbnRpdHkvY2xhaW1zL3VzZXJkYXRhIjoiU2h1YmhhbSBKYWd0YXAiLCJuYW1lIjoiIiwibmJmIjoxNzQxMjU2NzY2LCJleHAiOjE3NDEzNDMxNjYsImlhdCI6MTc0MTI1Njc2Nn0.YHh21Xh_4sAmHMzPBk0CugWQdLgKUC03PZMw_L72MNA
2025-03-06 15:56:10 [main] INFO : Scan Date is added successfully to Region ID:61230879-e1b8-48a1-8bd4-0d44e4d7437e
2025-03-06 15:56:10 [main] INFO : Scan Date Id (From response): 64ae1aac-08d8-49a9-8603-b7ead6f90cf5
2025-03-06 15:56:10 [main] INFO : scandate ID saved to config.properties: 64ae1aac-08d8-49a9-8603-b7ead6f90cf5
2025-03-06 15:56:10 [main] ERROR: Error saving scandate ID to config.properties: C:\RestAssured_tool\Workspace_CM\RestAssured_CM\src\test\resources\config_regionId.properties" (The filename, directory name, or volume label syntax is incorrect)
2025-03-06 15:56:10 [main] INFO : Getting Scan Data By Region Id
2025-03-06 15:56:10 [main] INFO : Getting JWT token...
2025-03-06 15:56:10 [main] INFO : JWT Token obtained: eyJhbGciOiJIUzI1NiIsInR5cCI6IkpXVCJ9.eyJodHRwOi8vc2NoZW1hcy5taWNyb3NvZnQuY29tL3dzLzIwMDgvMDYvaWRlbnRpdHkvY2xhaW1zL3VzZXJkYXRhIjoiU2h1YmhhbSBKYWd0YXAiLCJuYW1lIjoiIiwibmJmIjoxNzQxMjU2NzY2LCJleHAiOjE3NDEzNDMxNjYsImlhdCI6MTc0MTI1Njc2Nn0.YHh21Xh_4sAmHMzPBk0CugWQdLgKUC03PZMw_L72MNA
2025-03-06 15:56:10 [main] INFO : Getting Scan Data By Region Id retrieved successfully.
2025-03-06 15:56:10 [main] INFO : Getting Projects Progress By Project Id:Proj933
2025-03-06 15:56:10 [main] INFO : Getting JWT token...
2025-03-06 15:56:10 [main] INFO : JWT Token obtained: eyJhbGciOiJIUzI1NiIsInR5cCI6IkpXVCJ9.eyJodHRwOi8vc2NoZW1hcy5taWNyb3NvZnQuY29tL3dzLzIwMDgvMDYvaWRlbnRpdHkvY2xhaW1zL3VzZXJkYXRhIjoiU2h1YmhhbSBKYWd0YXAiLCJuYW1lIjoiIiwibmJmIjoxNzQxMjU2NzY2LCJleHAiOjE3NDEzNDMxNjYsImlhdCI6MTc0MTI1Njc2Nn0.YHh21Xh_4sAmHMzPBk0CugWQdLgKUC03PZMw_L72MNA
2025-03-06 15:56:10 [main] INFO : Getting Projects Progress By Project Id retrieved successfully.
2025-03-06 15:56:10 [main] INFO : Getting Building Progress By Building Id:c0188473-eedb-4b72-8621-68156444325b
2025-03-06 15:56:10 [main] INFO : Getting JWT token...
2025-03-06 15:56:10 [main] INFO : JWT Token obtained: eyJhbGciOiJIUzI1NiIsInR5cCI6IkpXVCJ9.eyJodHRwOi8vc2NoZW1hcy5taWNyb3NvZnQuY29tL3dzLzIwMDgvMDYvaWRlbnRpdHkvY2xhaW1zL3VzZXJkYXRhIjoiU2h1YmhhbSBKYWd0YXAiLCJuYW1lIjoiIiwibmJmIjoxNzQxMjU2NzY2LCJleHAiOjE3NDEzNDMxNjYsImlhdCI6MTc0MTI1Njc2Nn0.YHh21Xh_4sAmHMzPBk0CugWQdLgKUC03PZMw_L72MNA
2025-03-06 15:56:10 [main] INFO : Getting Building Progress By Building Id retrieved successfully.
2025-03-06 15:56:10 [main] INFO : Getting Floor Progress By Floor Id:2c0a2d61-c274-4253-b54f-44abb55ab0db
2025-03-06 15:56:10 [main] INFO : Getting JWT token...
2025-03-06 15:56:11 [main] INFO : JWT Token obtained: eyJhbGciOiJIUzI1NiIsInR5cCI6IkpXVCJ9.eyJodHRwOi8vc2NoZW1hcy5taWNyb3NvZnQuY29tL3dzLzIwMDgvMDYvaWRlbnRpdHkvY2xhaW1zL3VzZXJkYXRhIjoiU2h1YmhhbSBKYWd0YXAiLCJuYW1lIjoiIiwibmJmIjoxNzQxMjU2NzY2LCJleHAiOjE3NDEzNDMxNjYsImlhdCI6MTc0MTI1Njc2Nn0.YHh21Xh_4sAmHMzPBk0CugWQdLgKUC03PZMw_L72MNA
2025-03-06 15:56:11 [main] INFO : Getting Floor Progress By Floor Id retrieved successfully.
2025-03-06 15:56:11 [main] INFO : Getting Region Progress By Region Id:61230879-e1b8-48a1-8bd4-0d44e4d7437e
2025-03-06 15:56:11 [main] INFO : Getting JWT token...
2025-03-06 15:56:11 [main] INFO : JWT Token obtained: eyJhbGciOiJIUzI1NiIsInR5cCI6IkpXVCJ9.eyJodHRwOi8vc2NoZW1hcy5taWNyb3NvZnQuY29tL3dzLzIwMDgvMDYvaWRlbnRpdHkvY2xhaW1zL3VzZXJkYXRhIjoiU2h1YmhhbSBKYWd0YXAiLCJuYW1lIjoiIiwibmJmIjoxNzQxMjU2NzY2LCJleHAiOjE3NDEzNDMxNjYsImlhdCI6MTc0MTI1Njc2Nn0.YHh21Xh_4sAmHMzPBk0CugWQdLgKUC03PZMw_L72MNA
2025-03-06 15:56:11 [main] INFO : Getting Region Progress By Region Id retrieved successfully.
2025-03-06 15:56:11 [main] INFO : Getting All Customers DiskSpace
2025-03-06 15:56:11 [main] INFO : Getting JWT token...
2025-03-06 15:56:11 [main] INFO : JWT Token obtained: eyJhbGciOiJIUzI1NiIsInR5cCI6IkpXVCJ9.eyJodHRwOi8vc2NoZW1hcy5taWNyb3NvZnQuY29tL3dzLzIwMDgvMDYvaWRlbnRpdHkvY2xhaW1zL3VzZXJkYXRhIjoiU2h1YmhhbSBKYWd0YXAiLCJuYW1lIjoiIiwibmJmIjoxNzQxMjU2NzY3LCJleHAiOjE3NDEzNDMxNjcsImlhdCI6MTc0MTI1Njc2N30.rosoBQpuAB8158CcdR8Rt2vytwnpfqPUwsKX-rl95WA
2025-03-06 15:56:11 [main] INFO : Getting All Customers DiskSpace retrieved successfully.
2025-03-06 15:56:11 [main] INFO : Getting Company DiskSpace By Company Id: C0001
2025-03-06 15:56:11 [main] INFO : Getting JWT token...
2025-03-06 15:56:11 [main] INFO : JWT Token obtained: eyJhbGciOiJIUzI1NiIsInR5cCI6IkpXVCJ9.eyJodHRwOi8vc2NoZW1hcy5taWNyb3NvZnQuY29tL3dzLzIwMDgvMDYvaWRlbnRpdHkvY2xhaW1zL3VzZXJkYXRhIjoiU2h1YmhhbSBKYWd0YXAiLCJuYW1lIjoiIiwibmJmIjoxNzQxMjU2NzY3LCJleHAiOjE3NDEzNDMxNjcsImlhdCI6MTc0MTI1Njc2N30.rosoBQpuAB8158CcdR8Rt2vytwnpfqPUwsKX-rl95WA
2025-03-06 15:56:11 [main] INFO : Getting Company DiskSpace By Company Id retrieved successfully.
2025-03-06 15:56:11 [main] INFO : Getting Waiting Processes List
2025-03-06 15:56:11 [main] INFO : Getting JWT token...
2025-03-06 15:56:11 [main] INFO : JWT Token obtained: eyJhbGciOiJIUzI1NiIsInR5cCI6IkpXVCJ9.eyJodHRwOi8vc2NoZW1hcy5taWNyb3NvZnQuY29tL3dzLzIwMDgvMDYvaWRlbnRpdHkvY2xhaW1zL3VzZXJkYXRhIjoiU2h1YmhhbSBKYWd0YXAiLCJuYW1lIjoiIiwibmJmIjoxNzQxMjU2NzY3LCJleHAiOjE3NDEzNDMxNjcsImlhdCI6MTc0MTI1Njc2N30.rosoBQpuAB8158CcdR8Rt2vytwnpfqPUwsKX-rl95WA
2025-03-06 15:56:11 [main] INFO : Getting Waiting Processes List retrieved successfully.
2025-03-06 15:56:11 [main] INFO : Checking Json Files
2025-03-06 15:56:11 [main] INFO : Getting JWT token...
2025-03-06 15:56:11 [main] INFO : JWT Token obtained: eyJhbGciOiJIUzI1NiIsInR5cCI6IkpXVCJ9.eyJodHRwOi8vc2NoZW1hcy5taWNyb3NvZnQuY29tL3dzLzIwMDgvMDYvaWRlbnRpdHkvY2xhaW1zL3VzZXJkYXRhIjoiU2h1YmhhbSBKYWd0YXAiLCJuYW1lIjoiIiwibmJmIjoxNzQxMjU2NzY3LCJleHAiOjE3NDEzNDMxNjcsImlhdCI6MTc0MTI1Njc2N30.rosoBQpuAB8158CcdR8Rt2vytwnpfqPUwsKX-rl95WA
2025-03-06 15:56:11 [main] INFO : Checking Json Files done successfully.
2025-03-06 15:56:11 [main] INFO : Getting Stack Item
2025-03-06 15:56:11 [main] INFO : Getting JWT token...
2025-03-06 15:56:11 [main] INFO : JWT Token obtained: eyJhbGciOiJIUzI1NiIsInR5cCI6IkpXVCJ9.eyJodHRwOi8vc2NoZW1hcy5taWNyb3NvZnQuY29tL3dzLzIwMDgvMDYvaWRlbnRpdHkvY2xhaW1zL3VzZXJkYXRhIjoiU2h1YmhhbSBKYWd0YXAiLCJuYW1lIjoiIiwibmJmIjoxNzQxMjU2NzY3LCJleHAiOjE3NDEzNDMxNjcsImlhdCI6MTc0MTI1Njc2N30.rosoBQpuAB8158CcdR8Rt2vytwnpfqPUwsKX-rl95WA
2025-03-06 15:56:11 [main] INFO : Getting Stack Item retrieved successfully.
2025-03-06 15:56:11 [main] INFO : Setting up data for tests...
2025-03-06 15:56:11 [main] INFO : Loaded Project ID from config.properties: Proj933
2025-03-06 15:56:11 [main] INFO : Loaded Building ID from config.properties: c0188473-eedb-4b72-8621-68156444325b
2025-03-06 15:56:11 [main] INFO : Loaded Floor ID from config.properties: 2c0a2d61-c274-4253-b54f-44abb55ab0db
2025-03-06 15:56:11 [main] INFO : Loaded Region ID from config.properties: 61230879-e1b8-48a1-8bd4-0d44e4d7437e
2025-03-06 15:56:11 [main] INFO : Data setup complete.
2025-03-06 15:56:11 [main] INFO : Getting Global Parameter Status By Company Id: C0001
2025-03-06 15:56:11 [main] INFO : Getting JWT token...
2025-03-06 15:56:11 [main] INFO : JWT Token obtained: eyJhbGciOiJIUzI1NiIsInR5cCI6IkpXVCJ9.eyJodHRwOi8vc2NoZW1hcy5taWNyb3NvZnQuY29tL3dzLzIwMDgvMDYvaWRlbnRpdHkvY2xhaW1zL3VzZXJkYXRhIjoiU2h1YmhhbSBKYWd0YXAiLCJuYW1lIjoiIiwibmJmIjoxNzQxMjU2NzY3LCJleHAiOjE3NDEzNDMxNjcsImlhdCI6MTc0MTI1Njc2N30.rosoBQpuAB8158CcdR8Rt2vytwnpfqPUwsKX-rl95WA
2025-03-06 15:56:11 [main] INFO : All Global Parameter Status By Company Id retrieved successfully.
2025-03-06 15:56:11 [main] INFO : Getting Project Parameter Status By Project Id:Proj933
2025-03-06 15:56:11 [main] INFO : Getting JWT token...
2025-03-06 15:56:11 [main] INFO : JWT Token obtained: eyJhbGciOiJIUzI1NiIsInR5cCI6IkpXVCJ9.eyJodHRwOi8vc2NoZW1hcy5taWNyb3NvZnQuY29tL3dzLzIwMDgvMDYvaWRlbnRpdHkvY2xhaW1zL3VzZXJkYXRhIjoiU2h1YmhhbSBKYWd0YXAiLCJuYW1lIjoiIiwibmJmIjoxNzQxMjU2NzY3LCJleHAiOjE3NDEzNDMxNjcsImlhdCI6MTc0MTI1Njc2N30.rosoBQpuAB8158CcdR8Rt2vytwnpfqPUwsKX-rl95WA
2025-03-06 15:56:11 [main] INFO : All Project Parameter Status By Project Id retrieved successfully.
2025-03-06 15:56:11 [main] INFO : Getting Building Parameter Status By Building Id:c0188473-eedb-4b72-8621-68156444325b
2025-03-06 15:56:11 [main] INFO : Getting JWT token...
2025-03-06 15:56:11 [main] INFO : JWT Token obtained: eyJhbGciOiJIUzI1NiIsInR5cCI6IkpXVCJ9.eyJodHRwOi8vc2NoZW1hcy5taWNyb3NvZnQuY29tL3dzLzIwMDgvMDYvaWRlbnRpdHkvY2xhaW1zL3VzZXJkYXRhIjoiU2h1YmhhbSBKYWd0YXAiLCJuYW1lIjoiIiwibmJmIjoxNzQxMjU2NzY3LCJleHAiOjE3NDEzNDMxNjcsImlhdCI6MTc0MTI1Njc2N30.rosoBQpuAB8158CcdR8Rt2vytwnpfqPUwsKX-rl95WA
2025-03-06 15:56:11 [main] INFO : All Building Parameter Status By Building Id retrieved successfully.
2025-03-06 15:56:11 [main] INFO : Getting Floor Parameter Status By Floor Id: 2c0a2d61-c274-4253-b54f-44abb55ab0db
2025-03-06 15:56:11 [main] INFO : Getting JWT token...
2025-03-06 15:56:11 [main] INFO : JWT Token obtained: eyJhbGciOiJIUzI1NiIsInR5cCI6IkpXVCJ9.eyJodHRwOi8vc2NoZW1hcy5taWNyb3NvZnQuY29tL3dzLzIwMDgvMDYvaWRlbnRpdHkvY2xhaW1zL3VzZXJkYXRhIjoiU2h1YmhhbSBKYWd0YXAiLCJuYW1lIjoiIiwibmJmIjoxNzQxMjU2NzY3LCJleHAiOjE3NDEzNDMxNjcsImlhdCI6MTc0MTI1Njc2N30.rosoBQpuAB8158CcdR8Rt2vytwnpfqPUwsKX-rl95WA
2025-03-06 15:56:11 [main] INFO : All Floor Parameter Status By Floor Id retrieved successfully.
2025-03-06 15:56:11 [main] INFO : Getting Region Parameter Status By Region Id: 61230879-e1b8-48a1-8bd4-0d44e4d7437e
2025-03-06 15:56:11 [main] INFO : Getting JWT token...
2025-03-06 15:56:11 [main] INFO : JWT Token obtained: eyJhbGciOiJIUzI1NiIsInR5cCI6IkpXVCJ9.eyJodHRwOi8vc2NoZW1hcy5taWNyb3NvZnQuY29tL3dzLzIwMDgvMDYvaWRlbnRpdHkvY2xhaW1zL3VzZXJkYXRhIjoiU2h1YmhhbSBKYWd0YXAiLCJuYW1lIjoiIiwibmJmIjoxNzQxMjU2NzY3LCJleHAiOjE3NDEzNDMxNjcsImlhdCI6MTc0MTI1Njc2N30.rosoBQpuAB8158CcdR8Rt2vytwnpfqPUwsKX-rl95WA
2025-03-06 15:56:11 [main] INFO : All Region Parameter Status By Region Id retrieved successfully.
2025-03-06 15:56:11 [main] INFO : Getting Parameter Master: 
2025-03-06 15:56:11 [main] INFO : Getting JWT token...
2025-03-06 15:56:11 [main] INFO : JWT Token obtained: eyJhbGciOiJIUzI1NiIsInR5cCI6IkpXVCJ9.eyJodHRwOi8vc2NoZW1hcy5taWNyb3NvZnQuY29tL3dzLzIwMDgvMDYvaWRlbnRpdHkvY2xhaW1zL3VzZXJkYXRhIjoiU2h1YmhhbSBKYWd0YXAiLCJuYW1lIjoiIiwibmJmIjoxNzQxMjU2NzY3LCJleHAiOjE3NDEzNDMxNjcsImlhdCI6MTc0MTI1Njc2N30.rosoBQpuAB8158CcdR8Rt2vytwnpfqPUwsKX-rl95WA
2025-03-06 15:56:11 [main] INFO : Getting Parameter Master retrieved successfully.
2025-03-06 15:56:11 [main] INFO : Setting up data for tests...
2025-03-06 15:56:11 [main] INFO : Data setup complete.
2025-03-06 15:56:11 [main] INFO : Getting User License By Email Id: shubham.jagtap@neilsoft.com
2025-03-06 15:56:11 [main] INFO : Getting JWT token...
2025-03-06 15:56:11 [main] INFO : JWT Token obtained: eyJhbGciOiJIUzI1NiIsInR5cCI6IkpXVCJ9.eyJodHRwOi8vc2NoZW1hcy5taWNyb3NvZnQuY29tL3dzLzIwMDgvMDYvaWRlbnRpdHkvY2xhaW1zL3VzZXJkYXRhIjoiU2h1YmhhbSBKYWd0YXAiLCJuYW1lIjoiIiwibmJmIjoxNzQxMjU2NzY3LCJleHAiOjE3NDEzNDMxNjcsImlhdCI6MTc0MTI1Njc2N30.rosoBQpuAB8158CcdR8Rt2vytwnpfqPUwsKX-rl95WA
2025-03-06 15:56:11 [main] INFO : Getting User License By Email Id retrieved successfully.
2025-03-06 15:56:11 [main] INFO : Getting Check Logo for Report By Company Id: C0001
2025-03-06 15:56:11 [main] INFO : Getting JWT token...
2025-03-06 15:56:11 [main] INFO : JWT Token obtained: eyJhbGciOiJIUzI1NiIsInR5cCI6IkpXVCJ9.eyJodHRwOi8vc2NoZW1hcy5taWNyb3NvZnQuY29tL3dzLzIwMDgvMDYvaWRlbnRpdHkvY2xhaW1zL3VzZXJkYXRhIjoiU2h1YmhhbSBKYWd0YXAiLCJuYW1lIjoiIiwibmJmIjoxNzQxMjU2NzY3LCJleHAiOjE3NDEzNDMxNjcsImlhdCI6MTc0MTI1Njc2N30.rosoBQpuAB8158CcdR8Rt2vytwnpfqPUwsKX-rl95WA
2025-03-06 15:56:11 [main] INFO : Getting Check Logo for Report By Company Id retrieved successfully.
2025-03-06 15:56:11 [main] INFO : Getting Logo for Report By Company Id: C0001
2025-03-06 15:56:11 [main] INFO : Getting JWT token...
2025-03-06 15:56:11 [main] INFO : JWT Token obtained: eyJhbGciOiJIUzI1NiIsInR5cCI6IkpXVCJ9.eyJodHRwOi8vc2NoZW1hcy5taWNyb3NvZnQuY29tL3dzLzIwMDgvMDYvaWRlbnRpdHkvY2xhaW1zL3VzZXJkYXRhIjoiU2h1YmhhbSBKYWd0YXAiLCJuYW1lIjoiIiwibmJmIjoxNzQxMjU2NzY3LCJleHAiOjE3NDEzNDMxNjcsImlhdCI6MTc0MTI1Njc2N30.rosoBQpuAB8158CcdR8Rt2vytwnpfqPUwsKX-rl95WA
2025-03-06 15:56:11 [main] INFO : Getting Logo for Report By Company Id retrieved successfully.
2025-03-06 15:56:11 [main] INFO : Getting Job Processor 
2025-03-06 15:56:11 [main] INFO : Getting JWT token...
2025-03-06 15:56:11 [main] INFO : JWT Token obtained: eyJhbGciOiJIUzI1NiIsInR5cCI6IkpXVCJ9.eyJodHRwOi8vc2NoZW1hcy5taWNyb3NvZnQuY29tL3dzLzIwMDgvMDYvaWRlbnRpdHkvY2xhaW1zL3VzZXJkYXRhIjoiU2h1YmhhbSBKYWd0YXAiLCJuYW1lIjoiIiwibmJmIjoxNzQxMjU2NzY3LCJleHAiOjE3NDEzNDMxNjcsImlhdCI6MTc0MTI1Njc2N30.rosoBQpuAB8158CcdR8Rt2vytwnpfqPUwsKX-rl95WA
2025-03-06 15:56:11 [main] INFO : Getting Job Processor retrieved successfully.
2025-03-06 15:56:11 [main] INFO : Getting Offset 
2025-03-06 15:56:11 [main] INFO : Getting JWT token...
2025-03-06 15:56:11 [main] INFO : JWT Token obtained: eyJhbGciOiJIUzI1NiIsInR5cCI6IkpXVCJ9.eyJodHRwOi8vc2NoZW1hcy5taWNyb3NvZnQuY29tL3dzLzIwMDgvMDYvaWRlbnRpdHkvY2xhaW1zL3VzZXJkYXRhIjoiU2h1YmhhbSBKYWd0YXAiLCJuYW1lIjoiIiwibmJmIjoxNzQxMjU2NzY3LCJleHAiOjE3NDEzNDMxNjcsImlhdCI6MTc0MTI1Njc2N30.rosoBQpuAB8158CcdR8Rt2vytwnpfqPUwsKX-rl95WA
2025-03-06 15:56:11 [main] INFO : Getting Offset retrieved successfully.
2025-03-06 15:56:12 [main] INFO : Starting testCreateProject with companyId: ABC01
2025-03-06 15:56:12 [main] INFO : Project payload: api.payload.Project@7bb5f1b5
2025-03-06 15:56:12 [main] INFO : Making API call to create project...
2025-03-06 15:56:12 [main] INFO : Getting JWT token...
2025-03-06 15:56:12 [main] INFO : JWT Token obtained: eyJhbGciOiJIUzI1NiIsInR5cCI6IkpXVCJ9.eyJodHRwOi8vc2NoZW1hcy5taWNyb3NvZnQuY29tL3dzLzIwMDgvMDYvaWRlbnRpdHkvY2xhaW1zL3VzZXJkYXRhIjoiU2h1YmhhbSBKYWd0YXAiLCJuYW1lIjoiIiwibmJmIjoxNzQxMjU2NzY4LCJleHAiOjE3NDEzNDMxNjgsImlhdCI6MTc0MTI1Njc2OH0.GhhB_nuOkux9KA-XTMO2fc6-pnY9tqC-T0WGjzBLQFY
2025-03-06 15:56:12 [main] INFO : Project created successfully with status code: 200
2025-03-06 15:56:12 [main] INFO : Starting testCreateProject with companyId: ABC01
2025-03-06 15:56:12 [main] INFO : Project payload: api.payload.Project@45055c82
2025-03-06 15:56:12 [main] INFO : Making API call to create project...
2025-03-06 15:56:12 [main] INFO : Getting JWT token...
2025-03-06 15:56:12 [main] INFO : JWT Token obtained: eyJhbGciOiJIUzI1NiIsInR5cCI6IkpXVCJ9.eyJodHRwOi8vc2NoZW1hcy5taWNyb3NvZnQuY29tL3dzLzIwMDgvMDYvaWRlbnRpdHkvY2xhaW1zL3VzZXJkYXRhIjoiU2h1YmhhbSBKYWd0YXAiLCJuYW1lIjoiIiwibmJmIjoxNzQxMjU2NzY4LCJleHAiOjE3NDEzNDMxNjgsImlhdCI6MTc0MTI1Njc2OH0.GhhB_nuOkux9KA-XTMO2fc6-pnY9tqC-T0WGjzBLQFY
2025-03-06 15:56:12 [main] INFO : Project created successfully with status code: 200
2025-03-06 15:56:12 [main] INFO : Starting testCreateProject with companyId: ABC01
2025-03-06 15:56:12 [main] INFO : Project payload: api.payload.Project@272f0840
2025-03-06 15:56:12 [main] INFO : Making API call to create project...
2025-03-06 15:56:12 [main] INFO : Getting JWT token...
2025-03-06 15:56:12 [main] INFO : JWT Token obtained: eyJhbGciOiJIUzI1NiIsInR5cCI6IkpXVCJ9.eyJodHRwOi8vc2NoZW1hcy5taWNyb3NvZnQuY29tL3dzLzIwMDgvMDYvaWRlbnRpdHkvY2xhaW1zL3VzZXJkYXRhIjoiU2h1YmhhbSBKYWd0YXAiLCJuYW1lIjoiIiwibmJmIjoxNzQxMjU2NzY4LCJleHAiOjE3NDEzNDMxNjgsImlhdCI6MTc0MTI1Njc2OH0.GhhB_nuOkux9KA-XTMO2fc6-pnY9tqC-T0WGjzBLQFY
2025-03-06 15:56:12 [main] INFO : Project created successfully with status code: 200
2025-03-06 15:56:12 [main] INFO : Starting testCreateProject with companyId: ABC01
2025-03-06 15:56:12 [main] INFO : Project payload: api.payload.Project@7bbb5277
2025-03-06 15:56:12 [main] INFO : Making API call to create project...
2025-03-06 15:56:12 [main] INFO : Getting JWT token...
2025-03-06 15:56:12 [main] INFO : JWT Token obtained: eyJhbGciOiJIUzI1NiIsInR5cCI6IkpXVCJ9.eyJodHRwOi8vc2NoZW1hcy5taWNyb3NvZnQuY29tL3dzLzIwMDgvMDYvaWRlbnRpdHkvY2xhaW1zL3VzZXJkYXRhIjoiU2h1YmhhbSBKYWd0YXAiLCJuYW1lIjoiIiwibmJmIjoxNzQxMjU2NzY4LCJleHAiOjE3NDEzNDMxNjgsImlhdCI6MTc0MTI1Njc2OH0.GhhB_nuOkux9KA-XTMO2fc6-pnY9tqC-T0WGjzBLQFY
2025-03-06 15:56:12 [main] INFO : Project created successfully with status code: 200
2025-03-06 15:56:12 [main] INFO : Starting testCreateProject with companyId: ABC01
2025-03-06 15:56:12 [main] INFO : Project payload: api.payload.Project@2b3d74d5
2025-03-06 15:56:12 [main] INFO : Making API call to create project...
2025-03-06 15:56:12 [main] INFO : Getting JWT token...
2025-03-06 15:56:12 [main] INFO : JWT Token obtained: eyJhbGciOiJIUzI1NiIsInR5cCI6IkpXVCJ9.eyJodHRwOi8vc2NoZW1hcy5taWNyb3NvZnQuY29tL3dzLzIwMDgvMDYvaWRlbnRpdHkvY2xhaW1zL3VzZXJkYXRhIjoiU2h1YmhhbSBKYWd0YXAiLCJuYW1lIjoiIiwibmJmIjoxNzQxMjU2NzY4LCJleHAiOjE3NDEzNDMxNjgsImlhdCI6MTc0MTI1Njc2OH0.GhhB_nuOkux9KA-XTMO2fc6-pnY9tqC-T0WGjzBLQFY
2025-03-06 15:56:12 [main] INFO : Project created successfully with status code: 200
2025-03-06 15:56:12 [main] INFO : Starting setup...
2025-03-06 15:56:12 [main] INFO : Config file loaded successfully.
2025-03-06 15:56:12 [main] INFO : Starting testLogin...
2025-03-06 15:56:12 [main] INFO : User logged in successfully. UserID: UID22, CompanyID: C0001
2025-03-06 15:56:12 [main] INFO : Starting test_GetAllUser...
2025-03-06 15:56:12 [main] INFO : Getting JWT token...
2025-03-06 15:56:12 [main] INFO : JWT Token obtained: eyJhbGciOiJIUzI1NiIsInR5cCI6IkpXVCJ9.eyJodHRwOi8vc2NoZW1hcy5taWNyb3NvZnQuY29tL3dzLzIwMDgvMDYvaWRlbnRpdHkvY2xhaW1zL3VzZXJkYXRhIjoiU2h1YmhhbSBKYWd0YXAiLCJuYW1lIjoiIiwibmJmIjoxNzQxMjU2NzY4LCJleHAiOjE3NDEzNDMxNjgsImlhdCI6MTc0MTI1Njc2OH0.GhhB_nuOkux9KA-XTMO2fc6-pnY9tqC-T0WGjzBLQFY
2025-03-06 15:56:12 [main] INFO : Retrieved all users successfully.
2025-03-06 15:56:12 [main] INFO : Starting test_GetUserByEmailId...
2025-03-06 15:56:12 [main] INFO : Getting JWT token...
2025-03-06 15:56:12 [main] INFO : JWT Token obtained: eyJhbGciOiJIUzI1NiIsInR5cCI6IkpXVCJ9.eyJodHRwOi8vc2NoZW1hcy5taWNyb3NvZnQuY29tL3dzLzIwMDgvMDYvaWRlbnRpdHkvY2xhaW1zL3VzZXJkYXRhIjoiU2h1YmhhbSBKYWd0YXAiLCJuYW1lIjoiIiwibmJmIjoxNzQxMjU2NzY4LCJleHAiOjE3NDEzNDMxNjgsImlhdCI6MTc0MTI1Njc2OH0.GhhB_nuOkux9KA-XTMO2fc6-pnY9tqC-T0WGjzBLQFY
2025-03-06 15:56:12 [main] INFO : Retrieved user by email successfully.
2025-03-06 15:56:12 [main] INFO : Starting test_forgotPassword...
2025-03-06 15:56:12 [main] INFO : Getting JWT token...
2025-03-06 15:56:12 [main] INFO : JWT Token obtained: eyJhbGciOiJIUzI1NiIsInR5cCI6IkpXVCJ9.eyJodHRwOi8vc2NoZW1hcy5taWNyb3NvZnQuY29tL3dzLzIwMDgvMDYvaWRlbnRpdHkvY2xhaW1zL3VzZXJkYXRhIjoiU2h1YmhhbSBKYWd0YXAiLCJuYW1lIjoiIiwibmJmIjoxNzQxMjU2NzY4LCJleHAiOjE3NDEzNDMxNjgsImlhdCI6MTc0MTI1Njc2OH0.GhhB_nuOkux9KA-XTMO2fc6-pnY9tqC-T0WGjzBLQFY
2025-03-06 15:56:13 [main] INFO : Forgot password link sent successfully
2025-03-06 15:56:13 [main] INFO : Starting test_sendOtpToEmail...
2025-03-06 15:56:13 [main] INFO : Getting JWT token...
2025-03-06 15:56:13 [main] INFO : JWT Token obtained: eyJhbGciOiJIUzI1NiIsInR5cCI6IkpXVCJ9.eyJodHRwOi8vc2NoZW1hcy5taWNyb3NvZnQuY29tL3dzLzIwMDgvMDYvaWRlbnRpdHkvY2xhaW1zL3VzZXJkYXRhIjoiU2h1YmhhbSBKYWd0YXAiLCJuYW1lIjoiIiwibmJmIjoxNzQxMjU2NzY5LCJleHAiOjE3NDEzNDMxNjksImlhdCI6MTc0MTI1Njc2OX0.0imwEoUtm-m4gWbh3zE-uwZGPI-DeDi4kKXprThyGhg
2025-03-06 15:56:13 [main] INFO : Send OTP to email sent successfully
2025-03-06 15:56:13 [main] INFO : Starting testLogout...
2025-03-06 15:56:13 [main] INFO : Getting JWT token...
2025-03-06 15:56:13 [main] INFO : JWT Token obtained: eyJhbGciOiJIUzI1NiIsInR5cCI6IkpXVCJ9.eyJodHRwOi8vc2NoZW1hcy5taWNyb3NvZnQuY29tL3dzLzIwMDgvMDYvaWRlbnRpdHkvY2xhaW1zL3VzZXJkYXRhIjoiU2h1YmhhbSBKYWd0YXAiLCJuYW1lIjoiIiwibmJmIjoxNzQxMjU2NzY5LCJleHAiOjE3NDEzNDMxNjksImlhdCI6MTc0MTI1Njc2OX0.0imwEoUtm-m4gWbh3zE-uwZGPI-DeDi4kKXprThyGhg
2025-03-06 15:56:13 [main] INFO : User logged out successfully.
